None
/usr/local/cuda/lib64
True
Loading Train Dataset ./ubuntu_data/ubuntu_post_train.pkl
0 97323
Batch[0] - loss: 4.285011  batch_size:50
Batch[1000] - loss: 3.860464  batch_size:50
Batch[2000] - loss: 3.282516  batch_size:50
Batch[3000] - loss: 3.029945  batch_size:50
Batch[4000] - loss: 3.143124  batch_size:50
Batch[5000] - loss: 2.742920  batch_size:50
Batch[6000] - loss: 3.125796  batch_size:50
Batch[7000] - loss: 2.885480  batch_size:50
Batch[8000] - loss: 2.788642  batch_size:50
Batch[9000] - loss: 2.681014  batch_size:50
Batch[10000] - loss: 3.115576  batch_size:50
Batch[11000] - loss: 2.693968  batch_size:50
Batch[12000] - loss: 2.326987  batch_size:50
Batch[13000] - loss: 2.497715  batch_size:50
Batch[14000] - loss: 2.555112  batch_size:50
Batch[15000] - loss: 2.622607  batch_size:50
Batch[16000] - loss: 2.602453  batch_size:50
Batch[17000] - loss: 2.539877  batch_size:50
Batch[18000] - loss: 2.639448  batch_size:50
Batch[19000] - loss: 2.299077  batch_size:50
Batch[20000] - loss: 2.060644  batch_size:50
Batch[21000] - loss: 2.644335  batch_size:50
Batch[22000] - loss: 2.198229  batch_size:50
Batch[23000] - loss: 2.545648  batch_size:50
Batch[24000] - loss: 2.658055  batch_size:50
Batch[25000] - loss: 2.271942  batch_size:50
Batch[26000] - loss: 2.620682  batch_size:50
Batch[27000] - loss: 2.195314  batch_size:50
Batch[28000] - loss: 2.093031  batch_size:50
Batch[29000] - loss: 2.500200  batch_size:50
Batch[30000] - loss: 2.275635  batch_size:50
Batch[31000] - loss: 2.435205  batch_size:50
Batch[32000] - loss: 2.620038  batch_size:50
Batch[33000] - loss: 2.327106  batch_size:50
Batch[34000] - loss: 2.357068  batch_size:50
Batch[35000] - loss: 2.070564  batch_size:50
Batch[36000] - loss: 2.452307  batch_size:50
Batch[37000] - loss: 2.409593  batch_size:50
Batch[38000] - loss: 2.662452  batch_size:50
Batch[39000] - loss: 2.348461  batch_size:50
Batch[40000] - loss: 2.089829  batch_size:50
Batch[41000] - loss: 2.532634  batch_size:50
Batch[42000] - loss: 2.133243  batch_size:50
Batch[43000] - loss: 2.331219  batch_size:50
epoch: 1	averageloss: 2.547233	step: 43510 
current learning_rate:  3e-05
Batch[0] - loss: 2.507586  batch_size:50
Batch[1000] - loss: 2.072750  batch_size:50
Batch[2000] - loss: 2.110601  batch_size:50
Batch[3000] - loss: 2.386864  batch_size:50
Batch[4000] - loss: 1.870044  batch_size:50
Batch[5000] - loss: 2.149339  batch_size:50
Batch[6000] - loss: 2.253689  batch_size:50
Batch[7000] - loss: 2.216235  batch_size:50
Batch[8000] - loss: 1.672493  batch_size:50
Batch[9000] - loss: 2.358657  batch_size:50
Batch[10000] - loss: 1.952286  batch_size:50
Batch[11000] - loss: 2.214326  batch_size:50
Batch[12000] - loss: 2.196029  batch_size:50
Batch[13000] - loss: 2.231083  batch_size:50
Batch[14000] - loss: 2.493360  batch_size:50
Batch[15000] - loss: 2.099874  batch_size:50
Batch[16000] - loss: 1.834237  batch_size:50
Batch[17000] - loss: 2.165651  batch_size:50
Batch[18000] - loss: 2.254012  batch_size:50
Batch[19000] - loss: 2.084121  batch_size:50
Batch[20000] - loss: 1.992675  batch_size:50
Batch[21000] - loss: 1.997683  batch_size:50
Batch[22000] - loss: 2.460556  batch_size:50
Batch[23000] - loss: 2.109651  batch_size:50
Batch[24000] - loss: 2.090331  batch_size:50
Batch[25000] - loss: 2.023810  batch_size:50
Batch[26000] - loss: 2.175556  batch_size:50
Batch[27000] - loss: 2.245391  batch_size:50
Batch[28000] - loss: 2.234919  batch_size:50
Batch[29000] - loss: 2.183638  batch_size:50
Batch[30000] - loss: 2.102234  batch_size:50
Batch[31000] - loss: 2.132674  batch_size:50
Batch[32000] - loss: 2.104093  batch_size:50
Batch[33000] - loss: 2.324778  batch_size:50
Batch[34000] - loss: 2.249720  batch_size:50
Batch[35000] - loss: 2.253189  batch_size:50
Batch[36000] - loss: 2.120900  batch_size:50
Batch[37000] - loss: 2.102536  batch_size:50
Batch[38000] - loss: 1.944933  batch_size:50
Batch[39000] - loss: 2.368286  batch_size:50
Batch[40000] - loss: 2.032691  batch_size:50
Batch[41000] - loss: 2.093407  batch_size:50
Batch[42000] - loss: 1.921706  batch_size:50
Batch[43000] - loss: 2.309212  batch_size:50
epoch: 2	averageloss: 2.184717	step: 43510 
current learning_rate:  3e-05
Batch[0] - loss: 2.068628  batch_size:50
Batch[1000] - loss: 2.339504  batch_size:50
Batch[2000] - loss: 2.282455  batch_size:50
Batch[3000] - loss: 2.046894  batch_size:50
Batch[4000] - loss: 2.026937  batch_size:50
Batch[5000] - loss: 2.175909  batch_size:50
Batch[6000] - loss: 2.090464  batch_size:50
Batch[7000] - loss: 2.224504  batch_size:50
Batch[8000] - loss: 1.830872  batch_size:50
Batch[9000] - loss: 1.959631  batch_size:50
Batch[10000] - loss: 2.466882  batch_size:50
Batch[11000] - loss: 2.182451  batch_size:50
Batch[12000] - loss: 1.871279  batch_size:50
Batch[13000] - loss: 2.293626  batch_size:50
Batch[14000] - loss: 1.897934  batch_size:50
Batch[15000] - loss: 2.091254  batch_size:50
Batch[16000] - loss: 2.294878  batch_size:50
Batch[17000] - loss: 1.822719  batch_size:50
Batch[18000] - loss: 2.158979  batch_size:50
Batch[19000] - loss: 2.108500  batch_size:50
Batch[20000] - loss: 2.235730  batch_size:50
Batch[21000] - loss: 2.137293  batch_size:50
Batch[22000] - loss: 2.186477  batch_size:50
Batch[23000] - loss: 1.930336  batch_size:50
Batch[24000] - loss: 2.266034  batch_size:50
Batch[25000] - loss: 2.093524  batch_size:50
Batch[26000] - loss: 2.463817  batch_size:50
Batch[27000] - loss: 2.070848  batch_size:50
Batch[28000] - loss: 2.052843  batch_size:50
Batch[29000] - loss: 2.354023  batch_size:50
Batch[30000] - loss: 2.040076  batch_size:50
Batch[31000] - loss: 1.923635  batch_size:50
Batch[32000] - loss: 2.091881  batch_size:50
Batch[33000] - loss: 2.182607  batch_size:50
Batch[34000] - loss: 2.194685  batch_size:50
Batch[35000] - loss: 2.257408  batch_size:50
Batch[36000] - loss: 2.128898  batch_size:50
Batch[37000] - loss: 2.125905  batch_size:50
Batch[38000] - loss: 1.909915  batch_size:50
Batch[39000] - loss: 1.860404  batch_size:50
Batch[40000] - loss: 2.122061  batch_size:50
Batch[41000] - loss: 2.056910  batch_size:50
Batch[42000] - loss: 1.892002  batch_size:50
Batch[43000] - loss: 1.808133  batch_size:50
epoch: 3	averageloss: 2.092629	step: 43510 
current learning_rate:  3e-05
